# JRE version: Java(TM) SE Runtime Environment (8.0_111-b14) (build 1.8.0_111-b14)
# Java VM: Java HotSpot(TM) 64-Bit Server VM (25.111-b14 mixed mode windows-amd64 compressed oops)
Heap:
 PSYoungGen      total 201216K, used 77874K [0x000000076b500000, 0x000000077da00000, 0x00000007c0000000)
  eden space 182272K, 32% used [0x000000076b500000,0x000000076ee8ec88,0x0000000776700000)
  from space 18944K, 99% used [0x0000000776700000,0x000000077797dea8,0x0000000777980000)
  to   space 25088K, 0% used [0x000000077c180000,0x000000077c180000,0x000000077da00000)
 ParOldGen       total 121344K, used 29605K [0x00000006c1e00000, 0x00000006c9480000, 0x000000076b500000)
  object space 121344K, 24% used [0x00000006c1e00000,0x00000006c3ae9548,0x00000006c9480000)
 Metaspace       used 30610K, capacity 31456K, committed 31664K, reserved 1077248K
  class space    used 3437K, capacity 3653K, committed 3760K, reserved 1048576K
GC Heap History (10 events):
Event: 3.761 GC heap before
{Heap before GC invocations=4 (full 0):
 PSYoungGen      total 76288K, used 50958K [0x000000076b500000, 0x0000000774a00000, 0x00000007c0000000)
  eden space 65536K, 61% used [0x000000076b500000,0x000000076dc47b68,0x000000076f500000)
  from space 10752K, 99% used [0x000000076f500000,0x000000076ff7c010,0x000000076ff80000)
  to   space 10752K, 0% used [0x0000000773f80000,0x0000000773f80000,0x0000000774a00000)
 ParOldGen       total 175104K, used 2795K [0x00000006c1e00000, 0x00000006cc900000, 0x000000076b500000)
  object space 175104K, 1% used [0x00000006c1e00000,0x00000006c20baf88,0x00000006cc900000)
 Metaspace       used 20637K, capacity 21228K, committed 21296K, reserved 1069056K
  class space    used 2400K, capacity 2574K, committed 2608K, reserved 1048576K
Event: 3.773 GC heap after
Heap after GC invocations=4 (full 0):
 PSYoungGen      total 141824K, used 10721K [0x000000076b500000, 0x0000000774a00000, 0x00000007c0000000)
  eden space 131072K, 0% used [0x000000076b500000,0x000000076b500000,0x0000000773500000)
  from space 10752K, 99% used [0x0000000773f80000,0x00000007749f8540,0x0000000774a00000)
  to   space 10752K, 0% used [0x0000000773500000,0x0000000773500000,0x0000000773f80000)
 ParOldGen       total 175104K, used 6070K [0x00000006c1e00000, 0x00000006cc900000, 0x000000076b500000)
  object space 175104K, 3% used [0x00000006c1e00000,0x00000006c23edba8,0x00000006cc900000)
 Metaspace       used 20637K, capacity 21228K, committed 21296K, reserved 1069056K
  class space    used 2400K, capacity 2574K, committed 2608K, reserved 1048576K
}
Event: 3.773 GC heap before
{Heap before GC invocations=5 (full 1):
 PSYoungGen      total 141824K, used 10721K [0x000000076b500000, 0x0000000774a00000, 0x00000007c0000000)
  eden space 131072K, 0% used [0x000000076b500000,0x000000076b500000,0x0000000773500000)
  from space 10752K, 99% used [0x0000000773f80000,0x00000007749f8540,0x0000000774a00000)
  to   space 10752K, 0% used [0x0000000773500000,0x0000000773500000,0x0000000773f80000)
 ParOldGen       total 175104K, used 6070K [0x00000006c1e00000, 0x00000006cc900000, 0x000000076b500000)
  object space 175104K, 3% used [0x00000006c1e00000,0x00000006c23edba8,0x00000006cc900000)
 Metaspace       used 20637K, capacity 21228K, committed 21296K, reserved 1069056K
  class space    used 2400K, capacity 2574K, committed 2608K, reserved 1048576K
Event: 3.830 GC heap after
Heap after GC invocations=5 (full 1):
 PSYoungGen      total 141824K, used 0K [0x000000076b500000, 0x0000000774a00000, 0x00000007c0000000)
  eden space 131072K, 0% used [0x000000076b500000,0x000000076b500000,0x0000000773500000)
  from space 10752K, 0% used [0x0000000773f80000,0x0000000773f80000,0x0000000774a00000)
  to   space 10752K, 0% used [0x0000000773500000,0x0000000773500000,0x0000000773f80000)
 ParOldGen       total 121344K, used 14786K [0x00000006c1e00000, 0x00000006c9480000, 0x000000076b500000)
  object space 121344K, 12% used [0x00000006c1e00000,0x00000006c2c70b10,0x00000006c9480000)
 Metaspace       used 20637K, capacity 21228K, committed 21296K, reserved 1069056K
  class space    used 2400K, capacity 2574K, committed 2608K, reserved 1048576K
}
Event: 6.415 GC heap before
{Heap before GC invocations=6 (full 1):
 PSYoungGen      total 141824K, used 131072K [0x000000076b500000, 0x0000000774a00000, 0x00000007c0000000)
  eden space 131072K, 100% used [0x000000076b500000,0x0000000773500000,0x0000000773500000)
  from space 10752K, 0% used [0x0000000773f80000,0x0000000773f80000,0x0000000774a00000)
  to   space 10752K, 0% used [0x0000000773500000,0x0000000773500000,0x0000000773f80000)
 ParOldGen       total 121344K, used 14786K [0x00000006c1e00000, 0x00000006c9480000, 0x000000076b500000)
  object space 121344K, 12% used [0x00000006c1e00000,0x00000006c2c70b10,0x00000006c9480000)
 Metaspace       used 25203K, capacity 25942K, committed 26160K, reserved 1073152K
  class space    used 2908K, capacity 3099K, committed 3120K, reserved 1048576K
Event: 6.427 GC heap after
Heap after GC invocations=6 (full 1):
 PSYoungGen      total 141824K, used 10725K [0x000000076b500000, 0x0000000778b00000, 0x00000007c0000000)
  eden space 131072K, 0% used [0x000000076b500000,0x000000076b500000,0x0000000773500000)
  from space 10752K, 99% used [0x0000000773500000,0x0000000773f79738,0x0000000773f80000)
  to   space 17920K, 0% used [0x0000000777980000,0x0000000777980000,0x0000000778b00000)
 ParOldGen       total 121344K, used 21047K [0x00000006c1e00000, 0x00000006c9480000, 0x000000076b500000)
  object space 121344K, 17% used [0x00000006c1e00000,0x00000006c328de40,0x00000006c9480000)
 Metaspace       used 25203K, capacity 25942K, committed 26160K, reserved 1073152K
  class space    used 2908K, capacity 3099K, committed 3120K, reserved 1048576K
}
Event: 7.950 GC heap before
{Heap before GC invocations=7 (full 1):
 PSYoungGen      total 141824K, used 141797K [0x000000076b500000, 0x0000000778b00000, 0x00000007c0000000)
  eden space 131072K, 100% used [0x000000076b500000,0x0000000773500000,0x0000000773500000)
  from space 10752K, 99% used [0x0000000773500000,0x0000000773f79738,0x0000000773f80000)
  to   space 17920K, 0% used [0x0000000777980000,0x0000000777980000,0x0000000778b00000)
 ParOldGen       total 121344K, used 21047K [0x00000006c1e00000, 0x00000006c9480000, 0x000000076b500000)
  object space 121344K, 17% used [0x00000006c1e00000,0x00000006c328de40,0x00000006c9480000)
 Metaspace       used 26089K, capacity 26934K, committed 27056K, reserved 1073152K
  class space    used 2969K, capacity 3154K, committed 3248K, reserved 1048576K
Event: 7.963 GC heap after
Heap after GC invocations=7 (full 1):
 PSYoungGen      total 200192K, used 16795K [0x000000076b500000, 0x0000000778c00000, 0x00000007c0000000)
  eden space 182272K, 0% used [0x000000076b500000,0x000000076b500000,0x0000000776700000)
  from space 17920K, 93% used [0x0000000777980000,0x00000007789e6f88,0x0000000778b00000)
  to   space 18944K, 0% used [0x0000000776700000,0x0000000776700000,0x0000000777980000)
 ParOldGen       total 121344K, used 21055K [0x00000006c1e00000, 0x00000006c9480000, 0x000000076b500000)
  object space 121344K, 17% used [0x00000006c1e00000,0x00000006c328fe40,0x00000006c9480000)
 Metaspace       used 26089K, capacity 26934K, committed 27056K, reserved 1073152K
  class space    used 2969K, capacity 3154K, committed 3248K, reserved 1048576K
}
Event: 12.053 GC heap before
{Heap before GC invocations=8 (full 1):
 PSYoungGen      total 200192K, used 199067K [0x000000076b500000, 0x0000000778c00000, 0x00000007c0000000)
  eden space 182272K, 100% used [0x000000076b500000,0x0000000776700000,0x0000000776700000)
  from space 17920K, 93% used [0x0000000777980000,0x00000007789e6f88,0x0000000778b00000)
  to   space 18944K, 0% used [0x0000000776700000,0x0000000776700000,0x0000000777980000)
 ParOldGen       total 121344K, used 21055K [0x00000006c1e00000, 0x00000006c9480000, 0x000000076b500000)
  object space 121344K, 17% used [0x00000006c1e00000,0x00000006c328fe40,0x00000006c9480000)
 Metaspace       used 28773K, capacity 29664K, committed 29872K, reserved 1075200K
  class space    used 3246K, capacity 3461K, committed 3504K, reserved 1048576K
Event: 12.080 GC heap after
Heap after GC invocations=8 (full 1):
 PSYoungGen      total 201216K, used 18935K [0x000000076b500000, 0x000000077da00000, 0x00000007c0000000)
  eden space 182272K, 0% used [0x000000076b500000,0x000000076b500000,0x0000000776700000)
  from space 18944K, 99% used [0x0000000776700000,0x000000077797dea8,0x0000000777980000)
  to   space 25088K, 0% used [0x000000077c180000,0x000000077c180000,0x000000077da00000)
 ParOldGen       total 121344K, used 29605K [0x00000006c1e00000, 0x00000006c9480000, 0x000000076b500000)
  object space 121344K, 24% used [0x00000006c1e00000,0x00000006c3ae9548,0x00000006c9480000)
 Metaspace       used 28773K, capacity 29664K, committed 29872K, reserved 1075200K
  class space    used 3246K, capacity 3461K, committed 3504K, reserved 1048576K
}

