# JRE version: Java(TM) SE Runtime Environment (8.0_111-b14) (build 1.8.0_111-b14)
# Java VM: Java HotSpot(TM) 64-Bit Server VM (25.111-b14 mixed mode windows-amd64 compressed oops)
Heap:
 PSYoungGen      total 114176K, used 102689K [0x000000076b500000, 0x0000000772f00000, 0x00000007c0000000)
  eden space 103424K, 99% used [0x000000076b500000,0x0000000771948660,0x0000000771a00000)
  from space 10752K, 0% used [0x0000000771a00000,0x0000000771a00000,0x0000000772480000)
  to   space 9216K, 0% used [0x0000000772600000,0x0000000772600000,0x0000000772f00000)
 ParOldGen       total 92160K, used 13781K [0x00000006c1e00000, 0x00000006c7800000, 0x000000076b500000)
  object space 92160K, 14% used [0x00000006c1e00000,0x00000006c2b756b8,0x00000006c7800000)
 Metaspace       used 45975K, capacity 48616K, committed 48944K, reserved 1091584K
  class space    used 6369K, capacity 6837K, committed 6960K, reserved 1048576K
GC Heap History (10 events):
Event: 2.420 GC heap before
{Heap before GC invocations=5 (full 1):
 PSYoungGen      total 76288K, used 65515K [0x000000076b500000, 0x0000000770a00000, 0x00000007c0000000)
  eden space 65536K, 99% used [0x000000076b500000,0x000000076f4faef8,0x000000076f500000)
  from space 10752K, 0% used [0x000000076f500000,0x000000076f500000,0x000000076ff80000)
  to   space 10752K, 0% used [0x000000076ff80000,0x000000076ff80000,0x0000000770a00000)
 ParOldGen       total 92160K, used 5676K [0x00000006c1e00000, 0x00000006c7800000, 0x000000076b500000)
  object space 92160K, 6% used [0x00000006c1e00000,0x00000006c238b240,0x00000006c7800000)
 Metaspace       used 23191K, capacity 24814K, committed 24880K, reserved 1071104K
  class space    used 3021K, capacity 3353K, committed 3376K, reserved 1048576K
Event: 2.423 GC heap after
Heap after GC invocations=5 (full 1):
 PSYoungGen      total 76288K, used 5180K [0x000000076b500000, 0x0000000773400000, 0x00000007c0000000)
  eden space 65536K, 0% used [0x000000076b500000,0x000000076b500000,0x000000076f500000)
  from space 10752K, 48% used [0x000000076ff80000,0x000000077048f208,0x0000000770a00000)
  to   space 10752K, 0% used [0x000000076f500000,0x000000076f500000,0x000000076ff80000)
 ParOldGen       total 92160K, used 5676K [0x00000006c1e00000, 0x00000006c7800000, 0x000000076b500000)
  object space 92160K, 6% used [0x00000006c1e00000,0x00000006c238b240,0x00000006c7800000)
 Metaspace       used 23191K, capacity 24814K, committed 24880K, reserved 1071104K
  class space    used 3021K, capacity 3353K, committed 3376K, reserved 1048576K
}
Event: 2.918 GC heap before
{Heap before GC invocations=6 (full 1):
 PSYoungGen      total 76288K, used 70716K [0x000000076b500000, 0x0000000773400000, 0x00000007c0000000)
  eden space 65536K, 100% used [0x000000076b500000,0x000000076f500000,0x000000076f500000)
  from space 10752K, 48% used [0x000000076ff80000,0x000000077048f208,0x0000000770a00000)
  to   space 10752K, 0% used [0x000000076f500000,0x000000076f500000,0x000000076ff80000)
 ParOldGen       total 92160K, used 5676K [0x00000006c1e00000, 0x00000006c7800000, 0x000000076b500000)
  object space 92160K, 6% used [0x00000006c1e00000,0x00000006c238b240,0x00000006c7800000)
 Metaspace       used 25367K, capacity 27160K, committed 27312K, reserved 1073152K
  class space    used 3301K, capacity 3642K, committed 3760K, reserved 1048576K
Event: 2.922 GC heap after
Heap after GC invocations=6 (full 1):
 PSYoungGen      total 76288K, used 5489K [0x000000076b500000, 0x0000000772f80000, 0x00000007c0000000)
  eden space 65536K, 0% used [0x000000076b500000,0x000000076b500000,0x000000076f500000)
  from space 10752K, 51% used [0x000000076f500000,0x000000076fa5c520,0x000000076ff80000)
  to   space 9728K, 0% used [0x0000000772600000,0x0000000772600000,0x0000000772f80000)
 ParOldGen       total 92160K, used 5684K [0x00000006c1e00000, 0x00000006c7800000, 0x000000076b500000)
  object space 92160K, 6% used [0x00000006c1e00000,0x00000006c238d240,0x00000006c7800000)
 Metaspace       used 25367K, capacity 27160K, committed 27312K, reserved 1073152K
  class space    used 3301K, capacity 3642K, committed 3760K, reserved 1048576K
}
Event: 3.768 GC heap before
{Heap before GC invocations=7 (full 1):
 PSYoungGen      total 76288K, used 71025K [0x000000076b500000, 0x0000000772f80000, 0x00000007c0000000)
  eden space 65536K, 100% used [0x000000076b500000,0x000000076f500000,0x000000076f500000)
  from space 10752K, 51% used [0x000000076f500000,0x000000076fa5c520,0x000000076ff80000)
  to   space 9728K, 0% used [0x0000000772600000,0x0000000772600000,0x0000000772f80000)
 ParOldGen       total 92160K, used 5684K [0x00000006c1e00000, 0x00000006c7800000, 0x000000076b500000)
  object space 92160K, 6% used [0x00000006c1e00000,0x00000006c238d240,0x00000006c7800000)
 Metaspace       used 29376K, capacity 31478K, committed 31664K, reserved 1077248K
  class space    used 3868K, capacity 4265K, committed 4272K, reserved 1048576K
Event: 3.775 GC heap after
Heap after GC invocations=7 (full 1):
 PSYoungGen      total 112640K, used 8509K [0x000000076b500000, 0x0000000772f00000, 0x00000007c0000000)
  eden space 103424K, 0% used [0x000000076b500000,0x000000076b500000,0x0000000771a00000)
  from space 9216K, 92% used [0x0000000772600000,0x0000000772e4f5b8,0x0000000772f00000)
  to   space 10752K, 0% used [0x0000000771a00000,0x0000000771a00000,0x0000000772480000)
 ParOldGen       total 92160K, used 5692K [0x00000006c1e00000, 0x00000006c7800000, 0x000000076b500000)
  object space 92160K, 6% used [0x00000006c1e00000,0x00000006c238f240,0x00000006c7800000)
 Metaspace       used 29376K, capacity 31478K, committed 31664K, reserved 1077248K
  class space    used 3868K, capacity 4265K, committed 4272K, reserved 1048576K
}
Event: 4.455 GC heap before
{Heap before GC invocations=8 (full 1):
 PSYoungGen      total 112640K, used 64006K [0x000000076b500000, 0x0000000772f00000, 0x00000007c0000000)
  eden space 103424K, 53% used [0x000000076b500000,0x000000076eb32258,0x0000000771a00000)
  from space 9216K, 92% used [0x0000000772600000,0x0000000772e4f5b8,0x0000000772f00000)
  to   space 10752K, 0% used [0x0000000771a00000,0x0000000771a00000,0x0000000772480000)
 ParOldGen       total 92160K, used 5692K [0x00000006c1e00000, 0x00000006c7800000, 0x000000076b500000)
  object space 92160K, 6% used [0x00000006c1e00000,0x00000006c238f240,0x00000006c7800000)
 Metaspace       used 33072K, capacity 35332K, committed 35496K, reserved 1079296K
  class space    used 4393K, capacity 4818K, committed 4912K, reserved 1048576K
Event: 4.471 GC heap after
Heap after GC invocations=8 (full 1):
 PSYoungGen      total 114176K, used 9371K [0x000000076b500000, 0x0000000772f00000, 0x00000007c0000000)
  eden space 103424K, 0% used [0x000000076b500000,0x000000076b500000,0x0000000771a00000)
  from space 10752K, 87% used [0x0000000771a00000,0x0000000772326c18,0x0000000772480000)
  to   space 9216K, 0% used [0x0000000772600000,0x0000000772600000,0x0000000772f00000)
 ParOldGen       total 92160K, used 5700K [0x00000006c1e00000, 0x00000006c7800000, 0x000000076b500000)
  object space 92160K, 6% used [0x00000006c1e00000,0x00000006c2391240,0x00000006c7800000)
 Metaspace       used 33072K, capacity 35332K, committed 35496K, reserved 1079296K
  class space    used 4393K, capacity 4818K, committed 4912K, reserved 1048576K
}
Event: 4.471 GC heap before
{Heap before GC invocations=9 (full 2):
 PSYoungGen      total 114176K, used 9371K [0x000000076b500000, 0x0000000772f00000, 0x00000007c0000000)
  eden space 103424K, 0% used [0x000000076b500000,0x000000076b500000,0x0000000771a00000)
  from space 10752K, 87% used [0x0000000771a00000,0x0000000772326c18,0x0000000772480000)
  to   space 9216K, 0% used [0x0000000772600000,0x0000000772600000,0x0000000772f00000)
 ParOldGen       total 92160K, used 5700K [0x00000006c1e00000, 0x00000006c7800000, 0x000000076b500000)
  object space 92160K, 6% used [0x00000006c1e00000,0x00000006c2391240,0x00000006c7800000)
 Metaspace       used 33072K, capacity 35332K, committed 35496K, reserved 1079296K
  class space    used 4393K, capacity 4818K, committed 4912K, reserved 1048576K
Event: 4.536 GC heap after
Heap after GC invocations=9 (full 2):
 PSYoungGen      total 114176K, used 0K [0x000000076b500000, 0x0000000772f00000, 0x00000007c0000000)
  eden space 103424K, 0% used [0x000000076b500000,0x000000076b500000,0x0000000771a00000)
  from space 10752K, 0% used [0x0000000771a00000,0x0000000771a00000,0x0000000772480000)
  to   space 9216K, 0% used [0x0000000772600000,0x0000000772600000,0x0000000772f00000)
 ParOldGen       total 92160K, used 13781K [0x00000006c1e00000, 0x00000006c7800000, 0x000000076b500000)
  object space 92160K, 14% used [0x00000006c1e00000,0x00000006c2b756b8,0x00000006c7800000)
 Metaspace       used 33072K, capacity 35332K, committed 35496K, reserved 1079296K
  class space    used 4393K, capacity 4818K, committed 4912K, reserved 1048576K
}

